{
  "uid" : "744443d66b1b0c55",
  "name" : "test_data_from_file",
  "fullName" : "testproject.data_from_file_test#test_data_from_file",
  "historyId" : "c74de835fbfa9a600d4fdc08866d2461",
  "time" : {
    "start" : 1628065397189,
    "stop" : 1628065468438,
    "duration" : 71249
  },
  "status" : "passed",
  "flaky" : false,
  "newFailed" : false,
  "beforeStages" : [ ],
  "testStage" : {
    "status" : "passed",
    "steps" : [ ],
    "attachments" : [ {
      "uid" : "ccdd38de810e4886",
      "name" : "stdout",
      "source" : "ccdd38de810e4886.txt",
      "type" : "text/plain",
      "size" : 258
    } ],
    "parameters" : [ ],
    "stepsCount" : 0,
    "attachmentsCount" : 1,
    "shouldDisplayMessage" : false,
    "hasContent" : true
  },
  "afterStages" : [ ],
  "labels" : [ {
    "name" : "parentSuite",
    "value" : "testproject"
  }, {
    "name" : "suite",
    "value" : "data_from_file_test"
  }, {
    "name" : "host",
    "value" : "fv-az82-65"
  }, {
    "name" : "thread",
    "value" : "3616-MainThread"
  }, {
    "name" : "framework",
    "value" : "pytest"
  }, {
    "name" : "language",
    "value" : "cpython3"
  }, {
    "name" : "package",
    "value" : "testproject.data_from_file_test"
  }, {
    "name" : "resultFormat",
    "value" : "allure2"
  } ],
  "parameters" : [ ],
  "links" : [ ],
  "hidden" : false,
  "retry" : false,
  "extra" : {
    "severity" : "normal",
    "retries" : [ ],
    "categories" : [ ],
    "history" : {
      "statistic" : {
        "failed" : 0,
        "broken" : 2,
        "skipped" : 0,
        "passed" : 1,
        "unknown" : 0,
        "total" : 3
      },
      "items" : [ {
        "uid" : "34113097add1633c",
        "reportUrl" : "https://szpetkes.github.io/conduit/22//#testresult/34113097add1633c",
        "status" : "broken",
        "statusDetails" : "selenium.common.exceptions.WebDriverException: Message: unknown error: Chrome failed to start: exited abnormally.\n  (unknown error: DevToolsActivePort file doesn't exist)\n  (The process started from chrome location /usr/bin/google-chrome is no longer running, so ChromeDriver is assuming that Chrome has crashed.)",
        "time" : {
          "start" : 1628064651210,
          "stop" : 1628064654131,
          "duration" : 2921
        }
      }, {
        "uid" : "6ca2806c43f36190",
        "reportUrl" : "https://szpetkes.github.io/conduit/21//#testresult/6ca2806c43f36190",
        "status" : "broken",
        "statusDetails" : "selenium.common.exceptions.WebDriverException: Message: unknown error: Chrome failed to start: exited abnormally.\n  (unknown error: DevToolsActivePort file doesn't exist)\n  (The process started from chrome location /usr/bin/google-chrome is no longer running, so ChromeDriver is assuming that Chrome has crashed.)",
        "time" : {
          "start" : 1628062759167,
          "stop" : 1628062770757,
          "duration" : 11590
        }
      } ]
    },
    "tags" : [ ]
  },
  "source" : "744443d66b1b0c55.json",
  "parameterValues" : [ ]
}