{
  "uid" : "324a31e7aa4da838",
  "name" : "test_pagination",
  "fullName" : "testproject.pagination_test#test_pagination",
  "historyId" : "771134878b064f6a8e244722ae73cb06",
  "time" : {
    "start" : 1628062901962,
    "stop" : 1628062909858,
    "duration" : 7896
  },
  "status" : "failed",
  "statusMessage" : "AssertionError: assert 2 == 4\n +  where 2 = len([<selenium.webdriver.remote.webelement.WebElement (session=\"1b067e8fd428dddbd766611e6675840f\", element=\"4b012425-c202-...te.webelement.WebElement (session=\"1b067e8fd428dddbd766611e6675840f\", element=\"2549ba13-d4f0-45c0-b5ff-019559500e30\")>])",
  "statusTrace" : "def test_pagination():\n        driver = webdriver.Chrome(ChromeDriverManager().install(), options=opt)\n        driver.get('http://localhost:1667/')\n    \n        input_data = [\"testuser3\", \"testuser3@example.com\", \"Abcd123$\"]\n        number_of_pages_start = 4\n    \n        def login_process():\n            driver.find_element_by_xpath(\"//a[@href='#/login']\").click()\n            for i in range(len(input_data) - 1):\n                driver.find_element_by_xpath(f\"//fieldset[{i + 1}]/input\").send_keys(input_data[i + 1])\n                time.sleep(1)\n            driver.find_element_by_tag_name(\"button\").click()\n        login_process()\n        time.sleep(2)\n    \n        pages = driver.find_elements_by_class_name(\"page-link\")\n        print(len(pages))\n    \n        for page in pages:\n            page.click()\n            time.sleep(1)\n    \n>       assert len(pages) == number_of_pages_start\nE       assert 2 == 4\nE        +  where 2 = len([<selenium.webdriver.remote.webelement.WebElement (session=\"1b067e8fd428dddbd766611e6675840f\", element=\"4b012425-c202-...te.webelement.WebElement (session=\"1b067e8fd428dddbd766611e6675840f\", element=\"2549ba13-d4f0-45c0-b5ff-019559500e30\")>])\n\ntestproject/pagination_test.py:33: AssertionError",
  "flaky" : false,
  "newFailed" : false,
  "beforeStages" : [ ],
  "testStage" : {
    "status" : "failed",
    "statusMessage" : "AssertionError: assert 2 == 4\n +  where 2 = len([<selenium.webdriver.remote.webelement.WebElement (session=\"1b067e8fd428dddbd766611e6675840f\", element=\"4b012425-c202-...te.webelement.WebElement (session=\"1b067e8fd428dddbd766611e6675840f\", element=\"2549ba13-d4f0-45c0-b5ff-019559500e30\")>])",
    "statusTrace" : "def test_pagination():\n        driver = webdriver.Chrome(ChromeDriverManager().install(), options=opt)\n        driver.get('http://localhost:1667/')\n    \n        input_data = [\"testuser3\", \"testuser3@example.com\", \"Abcd123$\"]\n        number_of_pages_start = 4\n    \n        def login_process():\n            driver.find_element_by_xpath(\"//a[@href='#/login']\").click()\n            for i in range(len(input_data) - 1):\n                driver.find_element_by_xpath(f\"//fieldset[{i + 1}]/input\").send_keys(input_data[i + 1])\n                time.sleep(1)\n            driver.find_element_by_tag_name(\"button\").click()\n        login_process()\n        time.sleep(2)\n    \n        pages = driver.find_elements_by_class_name(\"page-link\")\n        print(len(pages))\n    \n        for page in pages:\n            page.click()\n            time.sleep(1)\n    \n>       assert len(pages) == number_of_pages_start\nE       assert 2 == 4\nE        +  where 2 = len([<selenium.webdriver.remote.webelement.WebElement (session=\"1b067e8fd428dddbd766611e6675840f\", element=\"4b012425-c202-...te.webelement.WebElement (session=\"1b067e8fd428dddbd766611e6675840f\", element=\"2549ba13-d4f0-45c0-b5ff-019559500e30\")>])\n\ntestproject/pagination_test.py:33: AssertionError",
    "steps" : [ ],
    "attachments" : [ {
      "uid" : "d009b0e1d387b210",
      "name" : "log",
      "source" : "d009b0e1d387b210.txt",
      "type" : "text/plain",
      "size" : 344
    }, {
      "uid" : "49279be5570f1cfd",
      "name" : "stdout",
      "source" : "49279be5570f1cfd.txt",
      "type" : "text/plain",
      "size" : 2
    }, {
      "uid" : "dd3760fbc25f91da",
      "name" : "stderr",
      "source" : "dd3760fbc25f91da.txt",
      "type" : "text/plain",
      "size" : 215
    } ],
    "parameters" : [ ],
    "stepsCount" : 0,
    "attachmentsCount" : 3,
    "shouldDisplayMessage" : true,
    "hasContent" : true
  },
  "afterStages" : [ ],
  "labels" : [ {
    "name" : "parentSuite",
    "value" : "testproject"
  }, {
    "name" : "suite",
    "value" : "pagination_test"
  }, {
    "name" : "host",
    "value" : "fv-az82-65"
  }, {
    "name" : "thread",
    "value" : "3737-MainThread"
  }, {
    "name" : "framework",
    "value" : "pytest"
  }, {
    "name" : "language",
    "value" : "cpython3"
  }, {
    "name" : "package",
    "value" : "testproject.pagination_test"
  }, {
    "name" : "resultFormat",
    "value" : "allure2"
  } ],
  "parameters" : [ ],
  "links" : [ ],
  "hidden" : false,
  "retry" : false,
  "extra" : {
    "severity" : "normal",
    "retries" : [ ],
    "categories" : [ {
      "name" : "Product defects",
      "matchedStatuses" : [ ],
      "flaky" : false
    } ],
    "history" : {
      "statistic" : {
        "failed" : 2,
        "broken" : 0,
        "skipped" : 0,
        "passed" : 0,
        "unknown" : 0,
        "total" : 2
      },
      "items" : [ {
        "uid" : "75b8e09944e0ad25",
        "reportUrl" : "https://szpetkes.github.io/conduit/16//#testresult/75b8e09944e0ad25",
        "status" : "failed",
        "statusDetails" : "AssertionError: assert 2 == 4\n +  where 2 = len([<selenium.webdriver.remote.webelement.WebElement (session=\"d9d324cb621796d9bc5e1dc76fb3156e\", element=\"47994db1-ecb5-...te.webelement.WebElement (session=\"d9d324cb621796d9bc5e1dc76fb3156e\", element=\"9c1b360c-8909-43be-8999-2b435d9a9ba9\")>])",
        "time" : {
          "start" : 1627576446246,
          "stop" : 1627576454102,
          "duration" : 7856
        }
      } ]
    },
    "tags" : [ ]
  },
  "source" : "324a31e7aa4da838.json",
  "parameterValues" : [ ]
}